<?xml version="1.0" encoding="UTF-8"?>
<!-- Generated by org.testng.reporters.JUnitReportReporter -->
<testsuite skipped="0" hostname="LAPTOP-FRSD91H0" name="testcases.AppleTest" tests="2" failures="0" timestamp="10 Jun 2022 18:44:34 GMT" time="50.314" errors="0">
  <testcase name="click_On_Bag_test" time="26.941" classname="testcases.AppleTest"/>
  <testcase name="login_into_with_invalid_pswd_test" time="23.373" classname="testcases.AppleTest"/>
</testsuite> <!-- testcases.AppleTest -->
